Replace Part * 2Pin header in C:\Users\CCS\Desktop\PCB Copter\FinalSchematic.SchDoc with 2Pin header from HeliLib.SchLib
Replace Part 2Pin header 2Pin header in C:\Users\CCS\Desktop\PCB Copter\FinalSchematic.SchDoc with 2Pin header from HeliLib.SchLib
Replace Part 3.3 V Regulator TO-220 3.3 V Regulator in C:\Users\CCS\Desktop\PCB Copter\FinalSchematic.SchDoc with TO-220 3.3 V Regulator from HeliLib.SchLib
Replace Part 5 V Regulator 5v Regulator in C:\Users\CCS\Desktop\PCB Copter\FinalSchematic.SchDoc with 5v Regulator from HeliLib.SchLib
Replace Part BotMotorHeader 2Pin header in C:\Users\CCS\Desktop\PCB Copter\FinalSchematic.SchDoc with 2Pin header from HeliLib.SchLib
Replace Part C1 Cap in C:\Users\CCS\Desktop\PCB Copter\FinalSchematic.SchDoc with Cap from Miscellaneous Devices.IntLib
Replace Part C2 Cap in C:\Users\CCS\Desktop\PCB Copter\FinalSchematic.SchDoc with Cap from Miscellaneous Devices.IntLib
Replace Part C3 Cap in C:\Users\CCS\Desktop\PCB Copter\FinalSchematic.SchDoc with Cap from Miscellaneous Devices.IntLib
Replace Part C4 Cap in C:\Users\CCS\Desktop\PCB Copter\FinalSchematic.SchDoc with Cap from Miscellaneous Devices.IntLib
Replace Part D1 Diode in C:\Users\CCS\Desktop\PCB Copter\FinalSchematic.SchDoc with Diode from Miscellaneous Devices.IntLib
Replace Part D2 LED2 in C:\Users\CCS\Desktop\PCB Copter\FinalSchematic.SchDoc with LED2 from Miscellaneous Devices.IntLib
Replace Part D3 LED2 in C:\Users\CCS\Desktop\PCB Copter\FinalSchematic.SchDoc with LED2 from Miscellaneous Devices.IntLib
Replace Part Header Single in C:\Users\CCS\Desktop\PCB Copter\FinalSchematic.SchDoc with Single from HeliLib.SchLib
Replace Part micro ATmega328-AU in C:\Users\CCS\Desktop\PCB Copter\FinalSchematic.SchDoc with ATmega328-AU from Atmel Microcontroller 8-Bit megaAVR.IntLib
Replace Part Programmer ISP Header in C:\Users\CCS\Desktop\PCB Copter\FinalSchematic.SchDoc with ISP Header from HeliLib.SchLib
Replace Part Q5 transistor in C:\Users\CCS\Desktop\PCB Copter\FinalSchematic.SchDoc with transistor from HeliLib.SchLib
Replace Part Q6 transistor in C:\Users\CCS\Desktop\PCB Copter\FinalSchematic.SchDoc with transistor from HeliLib.SchLib
Replace Part Q_H1 transistor in C:\Users\CCS\Desktop\PCB Copter\FinalSchematic.SchDoc with transistor from HeliLib.SchLib
Replace Part Q_H2 transistor in C:\Users\CCS\Desktop\PCB Copter\FinalSchematic.SchDoc with transistor from HeliLib.SchLib
Replace Part Q_H3 transistor in C:\Users\CCS\Desktop\PCB Copter\FinalSchematic.SchDoc with transistor from HeliLib.SchLib
Replace Part Q_H4 transistor in C:\Users\CCS\Desktop\PCB Copter\FinalSchematic.SchDoc with transistor from HeliLib.SchLib
Replace Part R1 Res3 in C:\Users\CCS\Desktop\PCB Copter\FinalSchematic.SchDoc with Res3 from Miscellaneous Devices.IntLib
Replace Part R2 Res3 in C:\Users\CCS\Desktop\PCB Copter\FinalSchematic.SchDoc with Res3 from Miscellaneous Devices.IntLib
Replace Part R5 Res3 in C:\Users\CCS\Desktop\PCB Copter\FinalSchematic.SchDoc with Res3 from Miscellaneous Devices.IntLib
Replace Part R6 Res3 in C:\Users\CCS\Desktop\PCB Copter\FinalSchematic.SchDoc with Res3 from Miscellaneous Devices.IntLib
Replace Part SWITCH SW-SPDT in C:\Users\CCS\Desktop\PCB Copter\FinalSchematic.SchDoc with SW-SPDT from Miscellaneous Devices.IntLib
Replace Part TopMotor Header 2Pin header in C:\Users\CCS\Desktop\PCB Copter\FinalSchematic.SchDoc with 2Pin header from HeliLib.SchLib
Replace Part wifly RN-XV in C:\Users\CCS\Desktop\PCB Copter\FinalSchematic.SchDoc with RN-XV from HeliLib.SchLib
