Removed Pin From Net: NetName=TX Pin=Motor Header-1
Removed Pin From Net: NetName=RX Pin=Motor Header-2
Removed Pin From Net: NetName=MD-TOP Pin=Motor Header-3
Removed Pin From Net: NetName=MD-BOTTOM Pin=Motor Header-4
Removed Pin From Net: NetName=GND Pin=Motor Header-5
Removed Pin From Net: NetName=GND Pin=Motor Header-6
Removed Pin From Net: NetName=MD-TAIL-1 Pin=Motor Header-7
Removed Pin From Net: NetName=MD-TAIL-2 Pin=Motor Header-8
Removed Member From Class: ClassName=FinalSchematic Member=Motor Header
Change Component DesignItemId : Designator=Power Header Old DesignItemId=Header 6 New DesignItemId=Header 2
Change Component Footprint: Designator=Power Header Old Footprint=HDR1X6 New Footprint=HDR1X2
Change Component Comment : Designator=Power Header Old Comment=Header 6 New Comment=Header 2
Added Component: Designator=MD-BOTTOM(HDR1X2)
Added Component: Designator=MD-TAIL(HDR1X2)
Added Component: Designator=MD-TOP(HDR1X2)
Added Component: Designator=TX/RX Header(HDR1X2)
Added Pin To Net: NetName=MD-BOTTOM Pin=MD-BOTTOM-1
Added Pin To Net: NetName=GND Pin=MD-BOTTOM-2
Added Pin To Net: NetName=MD-TAIL-1 Pin=MD-TAIL-1
Added Pin To Net: NetName=MD-TAIL-2 Pin=MD-TAIL-2
Added Pin To Net: NetName=MD-TOP Pin=MD-TOP-1
Added Pin To Net: NetName=GND Pin=MD-TOP-2
Added Pin To Net: NetName=TX Pin=TX/RX Header-1
Added Pin To Net: NetName=RX Pin=TX/RX Header-2
Added Member To Class: ClassName=FinalSchematic Member=Component MD-BOTTOM Header 2
Added Member To Class: ClassName=FinalSchematic Member=Component MD-TAIL Header 2
Added Member To Class: ClassName=FinalSchematic Member=Component MD-TOP Header 2
Added Member To Class: ClassName=FinalSchematic Member=Component TX/RX Header Header 2
Added Room: Name=FinalSchematic
