Added Component: Designator=3.3 V Regulator(SOT89-150P410X160-3N)
Added Component: Designator=5 V Regulator(SOT89-150P360X170-3N)
Added Component: Designator=BotMotorHeader(HDR1X2)
Added Component: Designator=C1(C1206)
Added Component: Designator=C2(Capfixed)
Added Component: Designator=C3(C1206)
Added Component: Designator=C4(Capfixed)
Added Component: Designator=D1(Diode)
Added Component: Designator=D2(LEDFixed)
Added Component: Designator=D3(LEDFixed)
Added Component: Designator=micro(32A_L)
Added Component: Designator=PowerPins(HDR1X2)
Added Component: Designator=Q5(Transistornew)
Added Component: Designator=Q6(Transistornew)
Added Component: Designator=Q_H1(Transistornew)
Added Component: Designator=Q_H2(Transistornew)
Added Component: Designator=Q_H3(Transistornew)
Added Component: Designator=Q_H4(Transistornew)
Added Component: Designator=R1(J1-0603)
Added Component: Designator=R2(J1-0603)
Added Component: Designator=R5(J1-0603)
Added Component: Designator=R6(J1-0603)
Added Component: Designator=SWITCH(PCBComponent_1)
Added Component: Designator=TopMotor Header(HDR1X2)
Added Component: Designator=wifly(XBEE)
Added Pin To Net: NetName=GND Pin=C1-1
Added Pin To Net: NetName=VINAFTERSWITCH Pin=C1-2
Added Pin To Net: NetName=GND Pin=C2-1
Added Pin To Net: NetName=+5V Pin=C2-2
Added Pin To Net: NetName=GND Pin=C3-1
Added Pin To Net: NetName=VINAFTERSWITCH Pin=C3-2
Added Pin To Net: NetName=GND Pin=C4-1
Added Pin To Net: NetName=+3.3V Pin=C4-2
Added Pin To Net: NetName=GND Pin=micro-3
Added Pin To Net: NetName=+5V Pin=micro-4
Added Pin To Net: NetName=GND Pin=micro-5
Added Pin To Net: NetName=+5V Pin=micro-6
Added Pin To Net: NetName=BOTTOMMOTOR Pin=micro-9
Added Pin To Net: NetName=TOPMOTOR Pin=micro-10
Added Pin To Net: NetName=HBRIDGE1 Pin=micro-13
Added Pin To Net: NetName=HBRIDGE2 Pin=micro-14
Added Pin To Net: NetName=MOSI Pin=micro-15
Added Pin To Net: NetName=MISO Pin=micro-16
Added Pin To Net: NetName=SCK Pin=micro-17
Added Pin To Net: NetName=+5V Pin=micro-18
Added Pin To Net: NetName=GND Pin=micro-21
Added Pin To Net: NetName=RESET Pin=micro-29
Added Pin To Net: NetName=RX_ATM Pin=micro-30
Added Pin To Net: NetName=TX_ATM Pin=micro-31
Added Pin To Net: NetName=RESET Pin=R1-1
Added Pin To Net: NetName=+5V Pin=R1-2
Added Pin To Net: NetName=NetR2_1 Pin=R2-1
Added Pin To Net: NetName=+3.3V Pin=R2-2
Added Pin To Net: NetName=GND Pin=R5-1
Added Pin To Net: NetName=NetD2_2 Pin=R5-2
Added Pin To Net: NetName=GND Pin=R6-1
Added Pin To Net: NetName=NetD3_2 Pin=R6-2
Added Pin To Net: NetName=+3.3V Pin=wifly-1
Added Pin To Net: NetName=RX_ATM Pin=wifly-2
Added Pin To Net: NetName=TX_ATM Pin=wifly-3
Added Pin To Net: NetName=NetR2_1 Pin=wifly-5
Added Pin To Net: NetName=NetHeader_In Pin=wifly-8
Added Pin To Net: NetName=GND Pin=wifly-10
Added Member To Class: ClassName=FinalSchematic Member=Component 3.3 V Regulator TO-220 3.3 V Regulator
Added Member To Class: ClassName=FinalSchematic Member=Component 5 V Regulator 5v Regulator
Added Member To Class: ClassName=FinalSchematic Member=Component BotMotorHeader 2Pin header
Added Member To Class: ClassName=FinalSchematic Member=Component C1 Cap
Added Member To Class: ClassName=FinalSchematic Member=Component C2 Cap
Added Member To Class: ClassName=FinalSchematic Member=Component C3 Cap
Added Member To Class: ClassName=FinalSchematic Member=Component C4 Cap
Added Member To Class: ClassName=FinalSchematic Member=Component D1 Diode
Added Member To Class: ClassName=FinalSchematic Member=Component D2 LED2
Added Member To Class: ClassName=FinalSchematic Member=Component D3 LED2
Added Member To Class: ClassName=FinalSchematic Member=Component micro ATmega328-AU
Added Member To Class: ClassName=FinalSchematic Member=Component PowerPins 2Pin header
Added Member To Class: ClassName=FinalSchematic Member=Component Q5 transistor
Added Member To Class: ClassName=FinalSchematic Member=Component Q6 transistor
Added Member To Class: ClassName=FinalSchematic Member=Component Q_H1 transistor
Added Member To Class: ClassName=FinalSchematic Member=Component Q_H2 transistor
Added Member To Class: ClassName=FinalSchematic Member=Component Q_H3 transistor
Added Member To Class: ClassName=FinalSchematic Member=Component Q_H4 transistor
Added Member To Class: ClassName=FinalSchematic Member=Component R1 Res3
Added Member To Class: ClassName=FinalSchematic Member=Component R2 Res3
Added Member To Class: ClassName=FinalSchematic Member=Component R5 Res3
Added Member To Class: ClassName=FinalSchematic Member=Component R6 Res3
Added Member To Class: ClassName=FinalSchematic Member=Component SWITCH SW-SPDT
Added Member To Class: ClassName=FinalSchematic Member=Component TopMotor Header 2Pin header
Added Member To Class: ClassName=FinalSchematic Member=Component wifly RN-XV
Added Room: Name=FinalSchematic
