Added Component: Designator=3.3 V Regulator(SOT89-150P410X160-3N)
Added Component: Designator=5 V Regulator(SOT89-150P360X170-3N)
Added Component: Designator=BotMotorHeader(HDR1X2)
Added Component: Designator=C1(C1206)
Added Component: Designator=C2(Capfixed)
Added Component: Designator=C3(C1206)
Added Component: Designator=C4(Capfixed)
Added Component: Designator=D1(Diode)
Added Component: Designator=D2(LEDFixed)
Added Component: Designator=D3(LEDFixed)
Added Component: Designator=micro(32A_L)
Added Component: Designator=PowerPins(HDR1X2)
Added Component: Designator=Q5(Transistornew)
Added Component: Designator=Q6(Transistornew)
Added Component: Designator=Q_H1(Transistornew)
Added Component: Designator=Q_H2(Transistornew)
Added Component: Designator=Q_H3(Transistornew)
Added Component: Designator=Q_H4(Transistornew)
Added Component: Designator=R1(J1-0603)
Added Component: Designator=R2(J1-0603)
Added Component: Designator=R5(J1-0603)
Added Component: Designator=R6(J1-0603)
Added Component: Designator=SWITCH(PCBComponent_1)
Added Component: Designator=TopMotor Header(HDR1X2)
Added Component: Designator=wifly(XBEE)
Added Pin To Net: NetName=+3.3V Pin=C4-2
Added Pin To Net: NetName=+3.3V Pin=R2-2
Added Pin To Net: NetName=+3.3V Pin=wifly-1
Added Net: Name=+3.3V
Added Pin To Net: NetName=+5V Pin=C2-2
Added Pin To Net: NetName=+5V Pin=micro-4
Added Pin To Net: NetName=+5V Pin=micro-6
Added Pin To Net: NetName=+5V Pin=micro-18
Added Pin To Net: NetName=+5V Pin=R1-2
Added Net: Name=+5V
Added Net: Name=+6V
Added Pin To Net: NetName=BOTTOMMOTOR Pin=micro-9
Added Net: Name=BOTTOMMOTOR
Added Pin To Net: NetName=GND Pin=C1-1
Added Pin To Net: NetName=GND Pin=C2-1
Added Pin To Net: NetName=GND Pin=C3-1
Added Pin To Net: NetName=GND Pin=C4-1
Added Pin To Net: NetName=GND Pin=micro-3
Added Pin To Net: NetName=GND Pin=micro-5
Added Pin To Net: NetName=GND Pin=micro-21
Added Pin To Net: NetName=GND Pin=R5-1
Added Pin To Net: NetName=GND Pin=R6-1
Added Pin To Net: NetName=GND Pin=wifly-10
Added Net: Name=GND
Added Net: Name=HBACK
Added Pin To Net: NetName=HBRIDGE1 Pin=micro-13
Added Net: Name=HBRIDGE1
Added Pin To Net: NetName=HBRIDGE2 Pin=micro-14
Added Net: Name=HBRIDGE2
Added Net: Name=HFOR
Added Pin To Net: NetName=MISO Pin=micro-16
Added Net: Name=MISO
Added Pin To Net: NetName=MOSI Pin=micro-15
Added Net: Name=MOSI
Added Net: Name=NetD1_2
Added Pin To Net: NetName=NetD2_2 Pin=R5-2
Added Net: Name=NetD2_2
Added Pin To Net: NetName=NetD3_2 Pin=R6-2
Added Net: Name=NetD3_2
Added Pin To Net: NetName=NetHeader_In Pin=wifly-8
Added Net: Name=NetHeader_In
Added Pin To Net: NetName=NetR2_1 Pin=R2-1
Added Pin To Net: NetName=NetR2_1 Pin=wifly-5
Added Net: Name=NetR2_1
Added Pin To Net: NetName=RESET Pin=micro-29
Added Pin To Net: NetName=RESET Pin=R1-1
Added Net: Name=RESET
Added Pin To Net: NetName=RX_ATM Pin=micro-30
Added Pin To Net: NetName=RX_ATM Pin=wifly-2
Added Net: Name=RX_ATM
Added Pin To Net: NetName=SCK Pin=micro-17
Added Net: Name=SCK
Added Pin To Net: NetName=TOPMOTOR Pin=micro-10
Added Net: Name=TOPMOTOR
Added Net: Name=TRANSTOHEADER1
Added Net: Name=TRANSTOHEADER2
Added Pin To Net: NetName=TX_ATM Pin=micro-31
Added Pin To Net: NetName=TX_ATM Pin=wifly-3
Added Net: Name=TX_ATM
Added Pin To Net: NetName=VINAFTERSWITCH Pin=C1-2
Added Pin To Net: NetName=VINAFTERSWITCH Pin=C3-2
Added Net: Name=VINAFTERSWITCH
Added Class: Name=FinalSchematic
Added Room: Name=FinalSchematic
